[2026-05-01T11:42:33.150Z] [error] Failed to load resource: the server responded with a status of 404 (Not Found)
[2026-05-01T11:42:33.323Z] [debug] [vite] connecting...
[2026-05-01T11:42:33.323Z] [debug] [Manus] Debug collector initialized (no rrweb, UI events only)
[2026-05-01T11:42:33.416Z] [debug] [vite] connected.
[2026-05-01T11:42:33.526Z] [info] %cDownload the React DevTools for a better development experience: https://react.dev/link/react-devtools font-weight:bold
[2026-05-01T11:45:05.034Z] [debug] [vite] hot updated: /src/index.css
[2026-05-01T11:45:05.034Z] [debug] [vite] hot updated: /src/components/Navigation.tsx
[2026-05-01T11:45:09.601Z] [debug] [vite] hot updated: /src/index.css
[2026-05-01T11:45:09.601Z] [debug] [vite] hot updated: /src/components/Navigation.tsx
[2026-05-01T11:45:13.584Z] [debug] [vite] hot updated: /src/index.css
[2026-05-01T11:45:13.584Z] [debug] [vite] hot updated: /src/components/Navigation.tsx
[2026-05-01T11:50:49.169Z] [error] Failed to load resource: the server responded with a status of 404 (Not Found)
[2026-05-01T11:50:49.175Z] [debug] [vite] connecting...
[2026-05-01T11:50:49.175Z] [debug] [Manus] Debug collector initialized (no rrweb, UI events only)
[2026-05-01T11:50:49.181Z] [debug] [vite] connected.
[2026-05-01T11:50:49.192Z] [info] %cDownload the React DevTools for a better development experience: https://react.dev/link/react-devtools font-weight:bold
[2026-05-01T11:58:22.755Z] [error] Failed to load resource: the server responded with a status of 404 (Not Found)
[2026-05-01T11:58:22.759Z] [debug] [vite] connecting...
[2026-05-01T11:58:22.759Z] [debug] [Manus] Debug collector initialized (no rrweb, UI events only)
[2026-05-01T11:58:22.760Z] [debug] [vite] connected.
[2026-05-01T11:58:22.767Z] [info] %cDownload the React DevTools for a better development experience: https://react.dev/link/react-devtools font-weight:bold
